warning: sqlcipher is only supported on 'windows & !uwp', which does not match x64-linux. This usually means that there are known build failures, or runtime problems, when building other platforms. Proceeding anyway due to `--allow-unsupported`.
Detecting compiler hash for triplet x64-linux...
Compiler found: /usr/bin/g++
The following packages are already installed:
  * libjpeg-turbo:x64-linux@3.1.4.1
  * libpng:x64-linux@1.6.56
  * vcpkg-cmake:x64-linux@2024-04-23
  * vcpkg-cmake-config:x64-linux@2024-05-23
  * zlib:x64-linux@1.3.1
The following packages will be removed:
    blas:x64-linux
    openblas:x64-linux
The following packages will be built and installed:
  * abseil:x64-linux@20260107.1#2
  * at-spi2-atk:x64-linux@2.38.0#2
  * at-spi2-core:x64-linux@2.44.1#5
  * atk:x64-linux@2.38.0#11
  * brotli:x64-linux@1.2.0
  * bzip2[core,tool]:x64-linux@1.0.8#6
  * cairo[core,fontconfig,freetype,gobject,x11]:x64-linux@1.18.4#1
  * dbus[core,systemd]:x64-linux@1.16.2#3
  * dirent:x64-linux@1.26
  * egl-registry:x64-linux@2025-05-27
  * expat:x64-linux@2.7.5
  * flatbuffers:x64-linux@25.12.19
  * fontconfig[core,iconv]:x64-linux@2.17.1#2
  * freetype[brotli,bzip2,core,png,zlib]:x64-linux@2.14.3
  * fribidi:x64-linux@1.0.16
  * gdk-pixbuf[core,jpeg,png,tiff]:x64-linux@2.42.12#6
  * gettext[core,tools]:x64-linux@0.22.5#4
  * gettext-libintl:x64-linux@0.22.5#4
  * glib:x64-linux@2.86.4
  * gperf:x64-linux@3.3
  * gtk3:x64-linux@3.24.51#3
  * harfbuzz[core,freetype]:x64-linux@13.0.1
    imgui:x64-linux@1.92.7
  * libcap:x64-linux@2.77
  * libepoxy:x64-linux@1.5.10#2
  * libffi:x64-linux@3.5.2
  * libiconv:x64-linux@1.18#3
  * liblzma:x64-linux@5.8.3
  * libmount:x64-linux@2.41.3#1
    liboqs:x64-linux@0.15.0
    libsodium:x64-linux@1.0.21#1
  * libsystemd:x64-linux@257.8#1
  * libuuid:x64-linux@1.0.3#16
  * libwebp[core,libwebpmux,nearlossless,simd]:x64-linux@1.6.0#2
  * libx11:x64-linux@1.8.1#5
  * libxau:x64-linux@1.0.12#1
  * libxcrypt:x64-linux@4.5.2
  * libxdmcp:x64-linux@1.1.5#1
  * libxext:x64-linux@1.3.7#1
  * libxfixes:x64-linux@6.0.2#1
  * libxi:x64-linux@1.8.2#1
  * libxml2[core,iconv,tools,zlib]:x64-linux@2.15.2
  * libxrandr:x64-linux@1.5.5#1
  * libxrender:x64-linux@0.9.12#1
  * libxslt[core,profiler,thread,tools]:x64-linux@1.1.45
  * libxtst:x64-linux@1.2.5#1
  * lz4:x64-linux@1.10.0
    nlohmann-json:x64-linux@3.12.0#2
    opencv:x64-linux@4.12.0
  * opencv4[calib3d,core,dnn,fs,gapi,gtk,highgui,intrinsics,jpeg,png,quirc,thread,tiff,webp]:x64-linux@4.12.0#1
  * openssl:x64-linux@3.6.1#3
  * pango:x64-linux@1.57.1
  * pcre2[core,jit,platform-default-features]:x64-linux@10.47
  * pixman:x64-linux@0.46.4#1
  * protobuf:x64-linux@6.33.4#1
  * pthread:x64-linux@3.0.0#2
  * pthread-stubs:x64-linux@0.5#1
  * pthreads:x64-linux@3.0.0#14
  * quirc:x64-linux@1.2
    sdl2[core,dbus,ibus,wayland,x11]:x64-linux@2.32.10
    sqlcipher:x64-linux@4.6.1#3
  * tcl:x64-linux@core-9-0-a1#8
  * tiff[core,jpeg,lzma,zip]:x64-linux@4.7.1
  * utf8-range:x64-linux@6.33.4
  * vcpkg-cmake-get-vars:x64-linux@2025-05-29
  * vcpkg-get-python-packages:x64-linux@2025-04-05
  * vcpkg-make:x64-linux@2026-01-01
  * vcpkg-tool-meson:x64-linux@1.9.0#4
  * xcb:x64-linux@1.14#4
  * xcb-proto:x64-linux@1.14.1#3
  * xcb-util-m4:x64-linux@2022-07-01
  * xorg-macros:x64-linux@1.20.2#1
  * xproto:x64-linux@2021.5
  * xtrans:x64-linux@1.6.0#1
  * zstd:x64-linux@1.5.7
Additional packages (*) will be modified to complete this operation.
Restored 0 package(s) from /home/lenovo/.cache/vcpkg/archives in 82.9 us. Use --debug to see more details.
Removing 1/77 blas:x64-linux
Elapsed time to handle blas:x64-linux: 357 us
Removing 2/77 openblas:x64-linux
Elapsed time to handle openblas:x64-linux: 3.56 ms
Installing 3/77 imgui:x64-linux@1.92.7...
imgui:x64-linux@1.92.7 package ABI: 12665de831f23b98169dae67108536cc0a8738703004762b93e4b2f9cdba0b7c
Building imgui:x64-linux@1.92.7...
Downloading https://github.com/ocornut/imgui/archive/v1.92.7.tar.gz -> ocornut-imgui-v1.92.7.tar.gz
Successfully downloaded ocornut-imgui-v1.92.7.tar.gz
-- Extracting source /home/lenovo/.cache/passquantum-vcpkg/downloads/ocornut-imgui-v1.92.7.tar.gz
-- Using source at /home/lenovo/.cache/passquantum-vcpkg/buildtrees/imgui/src/v1.92.7-b588f89316.clean
-- Configuring x64-linux
-- Building x64-linux-dbg
-- Building x64-linux-rel
-- Installing: /home/lenovo/.cache/passquantum-vcpkg/packages/imgui_x64-linux/share/imgui/copyright
-- Performing post-build validation
Starting submission of imgui:x64-linux@1.92.7 to 1 binary cache(s) in the background
Elapsed time to handle imgui:x64-linux: 32 s
Installing 4/77 vcpkg-cmake-get-vars:x64-linux@2025-05-29...
vcpkg-cmake-get-vars:x64-linux@2025-05-29 package ABI: 9601f3d976f1c6bc60850868da9e9e409bedf5fe9e7a91f8f973ebfbb75e58fb
Building vcpkg-cmake-get-vars:x64-linux@2025-05-29...
-- Installing: /home/lenovo/.cache/passquantum-vcpkg/packages/vcpkg-cmake-get-vars_x64-linux/share/vcpkg-cmake-get-vars/vcpkg_cmake_get_vars.cmake
-- Installing: /home/lenovo/.cache/passquantum-vcpkg/packages/vcpkg-cmake-get-vars_x64-linux/share/vcpkg-cmake-get-vars/cmake_get_vars
-- Installing: /home/lenovo/.cache/passquantum-vcpkg/packages/vcpkg-cmake-get-vars_x64-linux/share/vcpkg-cmake-get-vars/cmake_get_vars/CMakeLists.txt
-- Installing: /home/lenovo/.cache/passquantum-vcpkg/packages/vcpkg-cmake-get-vars_x64-linux/share/vcpkg-cmake-get-vars/cmake-get-vars.cmake.in
-- Installing: /home/lenovo/.cache/passquantum-vcpkg/packages/vcpkg-cmake-get-vars_x64-linux/share/vcpkg-cmake-get-vars/vcpkg-port-config.cmake
-- Installing: /home/lenovo/.cache/passquantum-vcpkg/packages/vcpkg-cmake-get-vars_x64-linux/share/vcpkg-cmake-get-vars/copyright
-- Performing post-build validation
Starting submission of vcpkg-cmake-get-vars:x64-linux@2025-05-29 to 1 binary cache(s) in the background
Elapsed time to handle vcpkg-cmake-get-vars:x64-linux: 20.3 ms
Installing 5/77 openssl:x64-linux@3.6.1#3...
openssl:x64-linux@3.6.1#3 package ABI: 69844102458ef938b827bab598c149f9965884ffd00636336fe448d576b92f31
Building openssl:x64-linux@3.6.1#3...
Downloading https://github.com/openssl/openssl/archive/openssl-3.6.1.tar.gz -> openssl-openssl-openssl-3.6.1.tar.gz
Successfully downloaded openssl-openssl-openssl-3.6.1.tar.gz
-- Extracting source /home/lenovo/.cache/passquantum-vcpkg/downloads/openssl-openssl-openssl-3.6.1.tar.gz
-- Applying patch cmake-config.patch
-- Applying patch command-line-length.patch
-- Applying patch script-prefix.patch
-- Applying patch windows/install-layout.patch
-- Applying patch windows/install-pdbs.patch
-- Applying patch windows/install-programs.diff
-- Applying patch unix/android-cc.patch
-- Applying patch unix/move-openssldir.patch
-- Applying patch unix/no-empty-dirs.patch
-- Applying patch unix/no-static-libs-for-shared.patch
-- Applying patch fix-mingw-build.patch
-- Using source at /home/lenovo/.cache/passquantum-vcpkg/buildtrees/openssl/src/nssl-3.6.1-444317d7e5.clean
-- Getting CMake variables for x64-linux
-- Loading CMake variables from /home/lenovo/.cache/passquantum-vcpkg/buildtrees/openssl/cmake-get-vars_C_CXX-x64-linux.cmake.log
openssl requires Linux kernel headers from the system package manager.
   They can be installed on Alpine systems via `apk add linux-headers`.
   They can be installed on Ubuntu systems via `apt install linux-libc-dev`.

-- Getting CMake variables for x64-linux-dbg
-- Getting CMake variables for x64-linux-rel
-- Warning: Paths with embedded space may be handled incorrectly by configure:
   /home/lenovo/dev/PassQuantum/ZimPass (PassQuantum_C)/build/vcpkg_installed/x64-linux
   Please move the path to one without whitespaces!
-- Configuring x64-linux-dbg
CMake Error at scripts/cmake/vcpkg_execute_required_process.cmake:127 (message):
    Command failed: /usr/bin/bash -c "V=1 ./../src/nssl-3.6.1-444317d7e5.clean/vcpkg/configure  \"/usr/bin/perl\" \"/home/lenovo/.cache/passquantum-vcpkg/buildtrees/openssl/src/nssl-3.6.1-444317d7e5.clean/Configure\" \"linux-x86_64\" \"enable-static-engine\" \"enable-capieng\" \"no-tests\" \"no-docs\" \"enable-ec_nistp_64_gcc_128\" \"no-shared\" \"no-module\" \"no-apps\" \"--openssldir=/etc/ssl\" \"--libdir=lib\" \"--disable-silent-rules\" \"--verbose\" \"--disable-shared\" \"--enable-static\" \"--debug\" \"--prefix=/home/lenovo/dev/PassQuantum/ZimPass (PassQuantum_C)/build/vcpkg_installed/x64-linux/debug\""
    Working Directory: /home/lenovo/.cache/passquantum-vcpkg/buildtrees/openssl/x64-linux-dbg
    Error code: 255
    See logs for more information:
      /home/lenovo/.cache/passquantum-vcpkg/buildtrees/openssl/config-x64-linux-dbg-err.log

Call Stack (most recent call first):
  scripts/cmake/vcpkg_configure_make.cmake:867 (vcpkg_execute_required_process)
  buildtrees/versioning_/versions/openssl/4d02bbb044439adeced1af6fc8a45f819c8bb5e2/unix/portfile.cmake:127 (vcpkg_configure_make)
  buildtrees/versioning_/versions/openssl/4d02bbb044439adeced1af6fc8a45f819c8bb5e2/portfile.cmake:81 (include)
  scripts/ports.cmake:206 (include)


error: building openssl:x64-linux failed with: BUILD_FAILED
See https://learn.microsoft.com/vcpkg/troubleshoot/build-failures?WT.mc_id=vcpkg_inproduct_cli for more information.
Elapsed time to handle openssl:x64-linux: 2 min
Please ensure you're using the latest port files with `git pull` and `vcpkg update`.
Then check for known issues at:
  https://github.com/microsoft/vcpkg/issues?q=is%3Aissue+is%3Aopen+in%3Atitle+openssl
You can submit a new issue at:
  https://github.com/microsoft/vcpkg/issues/new?title=%5Bopenssl%5D%20build%20error%20on%20x64-linux&body=Copy%20issue%20body%20from%20%2Fhome%2Flenovo%2Fdev%2FPassQuantum%2FZimPass%20%28PassQuantum_C%29%2Fbuild%2Fvcpkg_installed%2Fvcpkg%2Fissue_body.md
You can also submit an issue by running (GitHub CLI must be installed):
  /mnt/c/WINDOWS/system32/config/systemprofile/AppData/Local/Microsoft/WindowsApps/gh issue create -R microsoft/vcpkg --title "[openssl] Build failure on x64-linux" --body-file "/home/lenovo/dev/PassQuantum/ZimPass (PassQuantum_C)/build/vcpkg_installed/vcpkg/issue_body.md"
Completed submission of imgui:x64-linux@1.92.7 to 1 binary cache(s) in 458 ms
Completed submission of vcpkg-cmake-get-vars:x64-linux@2025-05-29 to 1 binary cache(s) in 2.95 ms
